<?xml version="1.0" encoding="UTF-8"?>
<!-- Generated by org.testng.reporters.JUnitXMLReporter -->
<testsuite hostname="DESKTOP-ELTD5A3" name="Test" tests="3" failures="0" timestamp="18 Mar 2018 12:11:04 GMT" time="62.497" errors="0">
  <testcase name="verifyHomePageTitleTest" time="0.093" classname="amazon.qa.testcases.HomePageTest"/>
  <testcase name="verifyUsernameTest" time="0.289" classname="amazon.qa.testcases.HomePageTest"/>
  <testcase name="verifyContactsLinkTest" time="3.011" classname="amazon.qa.testcases.HomePageTest"/>
</testsuite> <!-- Test -->
